\BOOKMARK [1][-]{section*.2}{\376\377\000V\000e\000r\000s\000i\000o\000n\000\040\000D\000e\000s\000c\000r\000i\000p\000t\000i\000o\000n}{}% 1
\BOOKMARK [1][-]{section.1}{\376\377\000I\000n\000t\000r\000o\000d\000u\000c\000t\000i\000o\000n}{}% 2
\BOOKMARK [2][-]{subsection.1.1}{\376\377\000P\000u\000r\000p\000o\000s\000e\000\040\000o\000f\000\040\000t\000h\000e\000\040\000D\000o\000c\000u\000m\000e\000n\000t}{section.1}% 3
\BOOKMARK [2][-]{subsection.1.2}{\376\377\000I\000n\000t\000e\000n\000d\000e\000d\000\040\000A\000u\000d\000i\000e\000n\000c\000e}{section.1}% 4
\BOOKMARK [2][-]{subsection.1.3}{\376\377\000O\000v\000e\000r\000v\000i\000e\000w\000\040\000o\000f\000\040\000t\000h\000e\000\040\000S\000y\000s\000t\000e\000m}{section.1}% 5
\BOOKMARK [3][-]{subsubsection.1.3.1}{\376\377\000K\000e\000y\000\040\000F\000e\000a\000t\000u\000r\000e\000s}{subsection.1.3}% 6
\BOOKMARK [1][-]{section.2}{\376\377\000S\000y\000s\000t\000e\000m\000\040\000A\000r\000c\000h\000i\000t\000e\000c\000t\000u\000r\000e}{}% 7
\BOOKMARK [2][-]{subsection.2.1}{\376\377\000O\000v\000e\000r\000a\000l\000l\000\040\000W\000o\000r\000k\000f\000l\000o\000w\000\040\000o\000f\000\040\000t\000h\000e\000\040\000S\000y\000s\000t\000e\000m}{section.2}% 8
\BOOKMARK [2][-]{subsection.2.2}{\376\377\000S\000y\000s\000t\000e\000m\000\040\000C\000o\000m\000p\000o\000n\000e\000n\000t\000s}{section.2}% 9
\BOOKMARK [3][-]{subsubsection.2.2.1}{\376\377\000A\000W\000S\000\040\000L\000a\000m\000b\000d\000a\000\040\000F\000u\000n\000c\000t\000i\000o\000n\000s}{subsection.2.2}% 10
\BOOKMARK [3][-]{subsubsection.2.2.2}{\376\377\000B\000o\000x\000\040\000A\000P\000I}{subsection.2.2}% 11
\BOOKMARK [3][-]{subsubsection.2.2.3}{\376\377\000A\000W\000S\000\040\000A\000P\000I\000\040\000G\000a\000t\000e\000w\000a\000y}{subsection.2.2}% 12
\BOOKMARK [3][-]{subsubsection.2.2.4}{\376\377\000A\000W\000S\000\040\000S\000E\000S}{subsection.2.2}% 13
\BOOKMARK [3][-]{subsubsection.2.2.5}{\376\377\000A\000W\000S\000\040\000C\000l\000o\000u\000d\000W\000a\000t\000c\000h}{subsection.2.2}% 14
\BOOKMARK [2][-]{subsection.2.3}{\376\377\000D\000e\000p\000l\000o\000y\000m\000e\000n\000t\000\040\000A\000r\000c\000h\000i\000t\000e\000c\000t\000u\000r\000e}{section.2}% 15
\BOOKMARK [1][-]{section.3}{\376\377\000U\000s\000e\000r\000\040\000I\000n\000t\000e\000r\000f\000a\000c\000e}{}% 16
\BOOKMARK [2][-]{subsection.3.1}{\376\377\000O\000v\000e\000r\000v\000i\000e\000w}{section.3}% 17
\BOOKMARK [2][-]{subsection.3.2}{\376\377\000H\000o\000w\000\040\000U\000s\000e\000r\000s\000\040\000I\000n\000t\000e\000r\000a\000c\000t\000\040\000W\000i\000t\000h\000\040\000t\000h\000e\000\040\000S\000y\000s\000t\000e\000m}{section.3}% 18
\BOOKMARK [2][-]{subsection.3.3}{\376\377\000U\000s\000e\000r\000\040\000I\000n\000t\000e\000r\000f\000a\000c\000e\000\040\000S\000c\000r\000e\000e\000n\000s}{section.3}% 19
\BOOKMARK [2][-]{subsection.3.4}{\376\377\000D\000a\000t\000a\000\040\000S\000t\000o\000r\000a\000g\000e\000\040\000a\000n\000d\000\040\000M\000a\000n\000a\000g\000e\000m\000e\000n\000t}{section.3}% 20
\BOOKMARK [1][-]{section.4}{\376\377\000G\000l\000o\000s\000s\000a\000r\000y}{}% 21
\BOOKMARK [1][-]{section.5}{\376\377\000R\000e\000f\000e\000r\000e\000n\000c\000e\000s}{}% 22
